Environment at start of build:
ALLUSERSPROFILE = C:\ProgramData
APPDATA = C:\Users\ANDREW\AppData\Roaming
CommonProgramFiles = C:\Program Files (x86)\Common Files
CommonProgramFiles(x86) = C:\Program Files (x86)\Common Files
CommonProgramW6432 = C:\Program Files\Common Files
COMPLUS_InstallRoot = 
COMPLUS_Version = 
COMPUTERNAME = DESKTOP-1J2OU7S
ComSpec = C:\WINDOWS\system32\cmd.exe
DriverData = C:\Windows\System32\Drivers\DriverData
FPS_BROWSER_APP_PROFILE_STRING = Internet Explorer
FPS_BROWSER_USER_PROFILE_STRING = Default
HOMEDRIVE = C:
HOMEPATH = \Users\ANDREW
LOCALAPPDATA = C:\Users\ANDREW\AppData\Local
LOGONSERVER = \\DESKTOP-1J2OU7S
MSBuildLoadMicrosoftTargetsReadOnly = true
NUMBER_OF_PROCESSORS = 12
OneDrive = C:\Users\ANDREW\OneDrive
OneDriveConsumer = C:\Users\ANDREW\OneDrive
OS = Windows_NT
Path = C:\Program Files\Common Files\Oracle\Java\javapath;C:\Program Files (x86)\Common Files\Oracle\Java\javapath;C:\WINDOWS\system32;C:\WINDOWS;C:\WINDOWS\System32\Wbem;C:\WINDOWS\System32\WindowsPowerShell\v1.0\;C:\WINDOWS\System32\OpenSSH\;C:\Program Files\Microsoft SQL Server\130\Tools\Binn\;C:\Program Files\Microsoft SQL Server\Client SDK\ODBC\170\Tools\Binn\;C:\Program Files\Java\jdk-15.0.2\bin;C:\Program Files\mingw-w64\x86_64-8.1.0-posix-seh-rt_v6-rev0\mingw64\bin;C:\Program Files\dotnet\;C:\Program Files\NVIDIA Corporation\NVIDIA NvDLISR;C:\Program Files (x86)\NVIDIA Corporation\PhysX\Common;C:\Program Files\Git\cmd;C:\Users\ANDREW\AppData\Local\Microsoft\WindowsApps;C:\Users\ANDREW\AppData\Local\Programs\Microsoft VS Code\bin;C:\Users\ANDREW\.dotnet\tools;C:\Program Files\mingw-w64\x86_64-8.1.0-posix-seh-rt_v6-rev0\mingw64\bin;
PATHEXT = .COM;.EXE;.BAT;.CMD;.VBS;.VBE;.JS;.JSE;.WSF;.WSH;.MSC
PkgDefApplicationConfigFile = C:\Users\ANDREW\AppData\Local\Microsoft\VisualStudio\16.0_298582ee\devenv.exe.config
PROCESSOR_ARCHITECTURE = x86
PROCESSOR_ARCHITEW6432 = AMD64
PROCESSOR_IDENTIFIER = Intel64 Family 6 Model 158 Stepping 10, GenuineIntel
PROCESSOR_LEVEL = 6
PROCESSOR_REVISION = 9e0a
ProgramData = C:\ProgramData
ProgramFiles = C:\Program Files (x86)
ProgramFiles(x86) = C:\Program Files (x86)
ProgramW6432 = C:\Program Files
PSModulePath = C:\Program Files\WindowsPowerShell\Modules;C:\WINDOWS\system32\WindowsPowerShell\v1.0\Modules
PUBLIC = C:\Users\Public
ServiceHubLogSessionKey = EC299B31
SESSIONNAME = Console
SystemDrive = C:
SystemRoot = C:\WINDOWS
TEMP = C:\Users\ANDREW\AppData\Local\Temp
ThreadedWaitDialogDpiContext = -4
TMP = C:\Users\ANDREW\AppData\Local\Temp
USERDOMAIN = DESKTOP-1J2OU7S
USERDOMAIN_ROAMINGPROFILE = DESKTOP-1J2OU7S
USERNAME = ANDREW
USERPROFILE = C:\Users\ANDREW
VisualStudioDir = C:\Users\ANDREW\OneDrive\Documents\Visual Studio 2019
VisualStudioEdition = Microsoft Visual Studio Community 2019
VisualStudioVersion = 16.0
VSAPPIDDIR = C:\Program Files (x86)\Microsoft Visual Studio\2019\Community\Common7\IDE\
VSAPPIDNAME = devenv.exe
VSLANG = 1033
VSSKUEDITION = Community
windir = C:\WINDOWS

  Assignment_4_Luis_Chavez_CS216.cpp
  Assignment_4_Luis_Chavez_CS216.vcxproj -> C:\Users\ANDREW\source\repos\Assignment_4_Luis_Chavez_CS216\Debug\Assignment_4_Luis_Chavez_CS216.exe

Project Performance Summary:
     1223 ms  C:\Users\ANDREW\source\repos\Assignment_4_Luis_Chavez_CS216\Assignment_4_Luis_Chavez_CS216\Assignment_4_Luis_Chavez_CS216.vcxproj   1 calls
               1223 ms  Build                                      1 calls

Target Performance Summary:
        0 ms  _BuildCompileAction                        1 calls
        0 ms  AfterLink                                  1 calls
        0 ms  ComputeLinkImportLibraryOutputsForClean    1 calls
        0 ms  ComputeLinkSwitches                        1 calls
        0 ms  PreLinkEvent                               1 calls
        0 ms  MakeDirsForLink                            1 calls
        0 ms  PrepareResourceNames                       1 calls
        0 ms  CreateCustomManifestResourceNames          1 calls
        0 ms  AssignTargetPaths                          1 calls
        0 ms  ComputeManifestInputsTargets               1 calls
        0 ms  ComputeCLGeneratedLinkInputs               1 calls
        0 ms  _Link                                      1 calls
        0 ms  ComputeCLOutputs                           1 calls
        0 ms  ComputeRCGeneratedLinkInputs               1 calls
        0 ms  ComputeRCOutputs                           1 calls
        0 ms  BeforeLink                                 1 calls
        0 ms  ComputeLegacyManifestEmbedding             1 calls
        0 ms  BuildCompile                               1 calls
        0 ms  AfterBuildCompileEvent                     1 calls
        0 ms  _ResourceCompile                           1 calls
        0 ms  AfterResourceCompile                       1 calls
        0 ms  MakeDirsForResourceCompile                 1 calls
        0 ms  BeforeResourceCompile                      1 calls
        0 ms  ComputeManifestGeneratedLinkerInputs       1 calls
        0 ms  _ClCompile                                 1 calls
        0 ms  _ALink                                     1 calls
        0 ms  ResolvedXDCMake                            1 calls
        0 ms  AfterBuild                                 1 calls
        0 ms  BuildLink                                  1 calls
        0 ms  _BuildLinkAction                           1 calls
        0 ms  PostBuildEvent                             1 calls
        0 ms  PrepareForRun                              1 calls
        0 ms  CopyFilesToOutputDirectory                 1 calls
        0 ms  _CopySourceItemsToOutputDirectory          1 calls
        0 ms  _GetCopyToOutputDirectoryItemsFromThisProject   1 calls
        0 ms  GetCopyToOutputDirectoryXamlAppDefs        1 calls
        0 ms  _PopulateCommonStateForGetCopyToOutputDirectoryItems   1 calls
        0 ms  _Manifest                                  1 calls
        0 ms  _Deploy                                    1 calls
        0 ms  CreateSatelliteAssemblies                  1 calls
        0 ms  _GenerateSatelliteAssemblyInputs           1 calls
        0 ms  MakeDirsForFxc                             1 calls
        0 ms  SatelliteDllsProjectOutputGroup            1 calls
        0 ms  _BscMake                                   1 calls
        0 ms  MakeDirsForBscMake                         1 calls
        0 ms  ComputeCLCompileGeneratedSbrFiles          1 calls
        0 ms  _XdcMake                                   1 calls
        0 ms  MakeDirsForXdcMake                         1 calls
        0 ms  ComputeCLCompileGeneratedXDCFiles          1 calls
        0 ms  _Appverifier                               1 calls
        0 ms  AfterClCompile                             1 calls
        0 ms  Build                                      1 calls
        0 ms  BeforeBuildGenerateSources                 1 calls
        0 ms  ResolveProjectReferences                   1 calls
        0 ms  _Xsd                                       1 calls
        0 ms  GetFrameworkPaths                          1 calls
        0 ms  CopyFileToFolders                          1 calls
        0 ms  GetReferenceAssemblyPaths                  1 calls
        0 ms  ComputeCustomBuildOutput                   1 calls
        0 ms  SelectCustomBuild                          1 calls
        0 ms  _SelectedFiles                             1 calls
        0 ms  PreBuildEvent                              1 calls
        0 ms  GetResolvedWinMD                           1 calls
        0 ms  VcpkgCheckManifestRoot                     1 calls
        0 ms  _CheckWindowsSDKInstalled                  1 calls
        0 ms  BuildGenerateSourcesTraverse               1 calls
        0 ms  SetCABuildNativeEnvironmentVariables       1 calls
        0 ms  ResolveReferences                          1 calls
        0 ms  AfterResolveReferences                     1 calls
        0 ms  ResolveAssemblyReferences                  1 calls
        0 ms  ComputeMIDLGeneratedCompileInputs          1 calls
        0 ms  ExpandSDKReferences                        1 calls
        0 ms  PrepareProjectReferences                   1 calls
        0 ms  _Midl                                      1 calls
        0 ms  VcpkgTripletSelection                      1 calls
        0 ms  SelectClCompile                            1 calls
        0 ms  _PrepareForBuild                           1 calls
        0 ms  FixupCLCompileOptions                      1 calls
        0 ms  WarnCompileDuplicatedFilename              1 calls
        0 ms  _PrepareForReferenceResolution             1 calls
        0 ms  GetReferencedVCProjectsInfo                1 calls
        0 ms  BeforeResolveReferences                    1 calls
        0 ms  FindReferenceAssembliesForReferences       1 calls
        0 ms  AssignProjectConfiguration                 1 calls
        0 ms  ComputeCLInputPDBName                      1 calls
        0 ms  BeforeClCompile                            1 calls
        0 ms  BuildCompileTraverse                       1 calls
        0 ms  BuildGenerateSources                       1 calls
        0 ms  _BuildGenerateSourcesAction                1 calls
        0 ms  AfterBuildGenerateSourcesEvent             1 calls
        0 ms  AfterBuildGenerateSources                  1 calls
        0 ms  _SplitProjectReferencesByFileExistence     1 calls
        0 ms  AfterMidl                                  1 calls
        0 ms  ResolveSDKReferences                       1 calls
        1 ms  SetBuildDefaultEnvironmentVariables        1 calls
        1 ms  _CheckForInvalidConfigurationAndPlatform   1 calls
        1 ms  MakeDirsForMidl                            1 calls
        1 ms  ComputeLinkInputsFromProject               1 calls
        1 ms  IncrementalClean                           1 calls
        1 ms  ContentFilesProjectOutputGroup             1 calls
        1 ms  _GetProjectReferenceTargetFrameworkProperties   1 calls
        1 ms  CreateRecipeFile                           1 calls
        1 ms  RegisterOutput                             1 calls
        1 ms  _CleanGetCurrentAndPriorFileWrites         1 calls
        1 ms  FinalizeBuildStatus                        1 calls
        1 ms  DoLinkOutputFilesMatch                     1 calls
        1 ms  SplitResourcesByCulture                    1 calls
        1 ms  MakeDirsForCl                              1 calls
        1 ms  BuildLinkTraverse                          1 calls
        1 ms  _CheckForCompileOutputs                    1 calls
        1 ms  _GetCopyToOutputDirectoryItemsFromTransitiveProjectReferences   1 calls
        1 ms  GetCopyToOutputDirectoryItems              1 calls
        1 ms  BuiltProjectOutputGroup                    1 calls
        1 ms  SetTelemetryEnvironmentVariables           1 calls
        1 ms  ComputeReferenceCLInput                    1 calls
        1 ms  CustomBuild                                1 calls
        2 ms  InitializeBuildStatus                      1 calls
        2 ms  PrepareForBuild                            1 calls
      217 ms  Link                                       1 calls
      415 ms  AppLocalFromInstalled                      1 calls
      563 ms  ClCompile                                  1 calls

Task Performance Summary:
        0 ms  Message                                    7 calls
        0 ms  FindUnderPath                              5 calls
        0 ms  CreateItem                                 2 calls
        0 ms  AssignCulture                              1 calls
        0 ms  AssignTargetPath                           7 calls
        0 ms  RemoveDuplicates                           2 calls
        0 ms  Delete                                     2 calls
        0 ms  AssignProjectConfiguration                 1 calls
        0 ms  ReadLinesFromFile                          3 calls
        1 ms  WriteLinesToFile                           1 calls
        1 ms  MSBuild                                    1 calls
        1 ms  GenerateDesktopDeployRecipe                1 calls
        1 ms  ConvertToAbsolutePath                      1 calls
        1 ms  CallTarget                                 2 calls
        1 ms  CheckVCToolsetVersion                      1 calls
        1 ms  GetOutOfDateItems                          3 calls
        2 ms  SetEnv                                     8 calls
        2 ms  MakeDir                                   10 calls
        2 ms  Touch                                      2 calls
      216 ms  Link                                       1 calls
      415 ms  Exec                                       2 calls
      562 ms  CL                                         1 calls
